<?xml version="1.0" encoding="UTF-8"?>
<!-- Generated by org.testng.reporters.JUnitReportReporter -->
<testsuite name="Tests.HerokuAppTest" tests="5" time="3.541" ignored="4" failures="0" timestamp="10 Mar 2017 01:53:11 GMT" skipped="0" hostname="Ofirs-MacBook-Pro.local" errors="0">
  <testcase name="multipleWindows" time="0.427" classname="Tests.HerokuAppTest"/>
  <testcase name="JavaScriptAlert" time="1.399" classname="Tests.HerokuAppTest"/>
  <testcase name="testBasicAuth" time="0.429" classname="Tests.HerokuAppTest"/>
  <testcase name="forgotPasswordSendPassword" time="0.962" classname="Tests.HerokuAppTest"/>
  <testcase name="verifyCheckboxes" time="0.324" classname="Tests.HerokuAppTest"/>
  <testcase name="setUpDefault" classname="BaseTestSetup.TestSetup">
    <skipped/>
  </testcase> <!-- setUpDefault -->
  <testcase name="setUpDefault" classname="BaseTestSetup.TestSetup">
    <skipped/>
  </testcase> <!-- setUpDefault -->
  <testcase name="suiteTearDown" classname="BaseTestSetup.TestSetup">
    <skipped/>
  </testcase> <!-- suiteTearDown -->
  <testcase name="suiteTearDown" classname="BaseTestSetup.TestSetup">
    <skipped/>
  </testcase> <!-- suiteTearDown -->
</testsuite> <!-- Tests.HerokuAppTest -->
