<?xml version="1.0" encoding="UTF-8"?>
<!-- Generated by org.testng.reporters.JUnitReportReporter -->
<testsuite name="Tests.LoginTest" tests="3" time="3.383" ignored="4" failures="0" timestamp="10 Mar 2017 01:53:16 GMT" skipped="0" hostname="Ofirs-MacBook-Pro.local" errors="0">
  <testcase name="updatedLoginFields" time="2.264" classname="Tests.LoginTest"/>
  <testcase name="validateSignUpLinkUrl" time="0.560" classname="Tests.LoginTest"/>
  <testcase name="validateLoginUrlSet" time="0.559" classname="Tests.LoginTest"/>
  <testcase name="setUpDefault" classname="BaseTestSetup.TestSetup">
    <skipped/>
  </testcase> <!-- setUpDefault -->
  <testcase name="setUpDefault" classname="BaseTestSetup.TestSetup">
    <skipped/>
  </testcase> <!-- setUpDefault -->
  <testcase name="suiteTearDown" classname="BaseTestSetup.TestSetup">
    <skipped/>
  </testcase> <!-- suiteTearDown -->
  <testcase name="suiteTearDown" classname="BaseTestSetup.TestSetup">
    <skipped/>
  </testcase> <!-- suiteTearDown -->
</testsuite> <!-- Tests.LoginTest -->
