<?xml version="1.0" encoding="UTF-8"?>
<!-- Generated by org.testng.reporters.JUnitReportReporter -->
<testsuite name="Tests.LoginTest" tests="3" time="3.097" ignored="0" failures="0" timestamp="02 Mar 2017 20:00:39 GMT" skipped="0" hostname="Ofir-Dahan-2.local" errors="0">
  <testcase name="validateLoginUrlSet" time="0.550" classname="Tests.LoginTest"/>
  <testcase name="updatedLoginFields" time="1.995" classname="Tests.LoginTest"/>
  <testcase name="validateSignUpLinkUrl" time="0.552" classname="Tests.LoginTest"/>
</testsuite> <!-- Tests.LoginTest -->
