<?xml version="1.0" encoding="UTF-8"?>
<!-- Generated by org.testng.reporters.JUnitReportReporter -->
<testsuite name="Tests.HomePageTest" tests="3" time="0.555" ignored="2" failures="0" timestamp="02 Mar 2017 02:05:22 GMT" skipped="0" hostname="Ofir-Dahan-2.local" errors="0">
  <testcase name="verifyNavigationLinks" time="0.176" classname="Tests.HomePageTest"/>
  <testcase name="verifyLinks" time="0.088" classname="Tests.HomePageTest"/>
  <testcase name="playTutorialVideo" time="0.291" classname="Tests.HomePageTest"/>
  <testcase name="setUpDefault" classname="CommonObjects.TestSetup">
    <skipped/>
  </testcase> <!-- setUpDefault -->
  <testcase name="suiteTearDown" classname="CommonObjects.TestSetup">
    <skipped/>
  </testcase> <!-- suiteTearDown -->
</testsuite> <!-- Tests.HomePageTest -->
