<?xml version="1.0" encoding="UTF-8"?>
<!-- Generated by org.testng.reporters.JUnitReportReporter -->
<testsuite name="Tests.HerokuAppTest" tests="4" time="3.524" ignored="4" failures="0" timestamp="07 Mar 2017 16:03:13 GMT" skipped="0" hostname="Ofirs-MacBook-Pro.local" errors="0">
  <testcase name="JavaScriptAlert" time="1.717" classname="Tests.HerokuAppTest"/>
  <testcase name="multipleWindows" time="0.496" classname="Tests.HerokuAppTest"/>
  <testcase name="verifyCheckboxes" time="0.310" classname="Tests.HerokuAppTest"/>
  <testcase name="forgotPasswordSendPassword" time="1.001" classname="Tests.HerokuAppTest"/>
  <testcase name="setUpDefault" classname="BaseTestSetup.TestSetup">
    <skipped/>
  </testcase> <!-- setUpDefault -->
  <testcase name="setUpDefault" classname="BaseTestSetup.TestSetup">
    <skipped/>
  </testcase> <!-- setUpDefault -->
  <testcase name="suiteTearDown" classname="BaseTestSetup.TestSetup">
    <skipped/>
  </testcase> <!-- suiteTearDown -->
  <testcase name="suiteTearDown" classname="BaseTestSetup.TestSetup">
    <skipped/>
  </testcase> <!-- suiteTearDown -->
</testsuite> <!-- Tests.HerokuAppTest -->
