<?xml version="1.0" encoding="UTF-8"?>
<!-- Generated by org.testng.reporters.JUnitReportReporter -->
<testsuite name="Tests.HerokuAppTest" tests="4" time="3.762" ignored="4" failures="0" timestamp="05 Mar 2017 23:44:50 GMT" skipped="0" hostname="Ofir-Dahan-2.local" errors="0">
  <testcase name="verifyCheckboxes" time="0.338" classname="Tests.HerokuAppTest"/>
  <testcase name="multipleWindows" time="0.472" classname="Tests.HerokuAppTest"/>
  <testcase name="forgotPasswordSendPassword" time="1.384" classname="Tests.HerokuAppTest"/>
  <testcase name="JavaScriptAlert" time="1.568" classname="Tests.HerokuAppTest"/>
  <testcase name="setUpDefault" classname="BaseTestSetup.TestSetup">
    <skipped/>
  </testcase> <!-- setUpDefault -->
  <testcase name="setUpDefault" classname="BaseTestSetup.TestSetup">
    <skipped/>
  </testcase> <!-- setUpDefault -->
  <testcase name="suiteTearDown" classname="BaseTestSetup.TestSetup">
    <skipped/>
  </testcase> <!-- suiteTearDown -->
  <testcase name="suiteTearDown" classname="BaseTestSetup.TestSetup">
    <skipped/>
  </testcase> <!-- suiteTearDown -->
</testsuite> <!-- Tests.HerokuAppTest -->
