<?xml version="1.0" encoding="UTF-8"?>
<!-- Generated by org.testng.reporters.JUnitReportReporter -->
<testsuite name="Tests.HomePageTest" tests="3" time="1.509" ignored="4" failures="0" timestamp="05 Mar 2017 23:44:50 GMT" skipped="0" hostname="Ofir-Dahan-2.local" errors="0">
  <testcase name="redeemCodeLink" time="1.205" classname="Tests.HomePageTest"/>
  <testcase name="verifyLinks" time="0.080" classname="Tests.HomePageTest"/>
  <testcase name="verifyNavigationLinks" time="0.224" classname="Tests.HomePageTest"/>
  <testcase name="setUpDefault" classname="BaseTestSetup.TestSetup">
    <skipped/>
  </testcase> <!-- setUpDefault -->
  <testcase name="setUpDefault" classname="BaseTestSetup.TestSetup">
    <skipped/>
  </testcase> <!-- setUpDefault -->
  <testcase name="suiteTearDown" classname="BaseTestSetup.TestSetup">
    <skipped/>
  </testcase> <!-- suiteTearDown -->
  <testcase name="suiteTearDown" classname="BaseTestSetup.TestSetup">
    <skipped/>
  </testcase> <!-- suiteTearDown -->
</testsuite> <!-- Tests.HomePageTest -->
