<?xml version="1.0" encoding="UTF-8"?>
<!-- Generated by org.testng.reporters.JUnitReportReporter -->
<testsuite name="Tests.HerokuAppTest" tests="2" time="2.618" ignored="2" failures="0" timestamp="02 Mar 2017 02:05:22 GMT" skipped="0" hostname="Ofir-Dahan-2.local" errors="0">
  <testcase name="multipleWindows" time="0.766" classname="Tests.HerokuAppTest"/>
  <testcase name="JavaScriptAlert" time="1.852" classname="Tests.HerokuAppTest"/>
  <testcase name="setUpDefault" classname="CommonObjects.TestSetup">
    <skipped/>
  </testcase> <!-- setUpDefault -->
  <testcase name="suiteTearDown" classname="CommonObjects.TestSetup">
    <skipped/>
  </testcase> <!-- suiteTearDown -->
</testsuite> <!-- Tests.HerokuAppTest -->
