<?xml version="1.0" encoding="UTF-8"?>
<!-- Generated by org.testng.reporters.JUnitReportReporter -->
<testsuite name="Tests.HomePageTest" tests="3" time="0.716" ignored="0" failures="0" timestamp="02 Mar 2017 00:38:13 GMT" skipped="0" hostname="Ofir-Dahan-2.local" errors="0">
  <testcase name="verifyNavigationLinks" time="0.215" classname="Tests.HomePageTest"/>
  <testcase name="verifyLinks" time="0.215" classname="Tests.HomePageTest"/>
  <testcase name="playTutorialVideo" time="0.286" classname="Tests.HomePageTest"/>
</testsuite> <!-- Tests.HomePageTest -->
