<?xml version="1.0" encoding="UTF-8"?>
<!-- Generated by org.testng.reporters.JUnitReportReporter -->
<testsuite name="Tests.HerokuAppTest" tests="2" time="2.274" ignored="4" failures="0" timestamp="03 Mar 2017 22:03:37 GMT" skipped="0" hostname="Ofir-Dahan-2.local" errors="0">
  <testcase name="multipleWindows" time="0.713" classname="Tests.HerokuAppTest"/>
  <testcase name="JavaScriptAlert" time="1.561" classname="Tests.HerokuAppTest"/>
  <testcase name="setUpDefault" classname="BaseTestSetup.TestSetup">
    <skipped/>
  </testcase> <!-- setUpDefault -->
  <testcase name="setUpDefault" classname="BaseTestSetup.TestSetup">
    <skipped/>
  </testcase> <!-- setUpDefault -->
  <testcase name="suiteTearDown" classname="BaseTestSetup.TestSetup">
    <skipped/>
  </testcase> <!-- suiteTearDown -->
  <testcase name="suiteTearDown" classname="BaseTestSetup.TestSetup">
    <skipped/>
  </testcase> <!-- suiteTearDown -->
</testsuite> <!-- Tests.HerokuAppTest -->
