<?xml version="1.0" encoding="UTF-8"?>
<!-- Generated by org.testng.reporters.JUnitReportReporter -->
<testsuite name="Tests.HomePageTest" tests="3" time="0.728" ignored="4" failures="0" timestamp="10 Mar 2017 01:53:21 GMT" skipped="0" hostname="Ofirs-MacBook-Pro.local" errors="0">
  <testcase name="redeemCodeLink" time="0.450" classname="Tests.HomePageTest"/>
  <testcase name="verifyLinks" time="0.071" classname="Tests.HomePageTest"/>
  <testcase name="verifyNavigationLinks" time="0.207" classname="Tests.HomePageTest"/>
  <testcase name="setUpDefault" classname="BaseTestSetup.TestSetup">
    <skipped/>
  </testcase> <!-- setUpDefault -->
  <testcase name="setUpDefault" classname="BaseTestSetup.TestSetup">
    <skipped/>
  </testcase> <!-- setUpDefault -->
  <testcase name="suiteTearDown" classname="BaseTestSetup.TestSetup">
    <skipped/>
  </testcase> <!-- suiteTearDown -->
  <testcase name="suiteTearDown" classname="BaseTestSetup.TestSetup">
    <skipped/>
  </testcase> <!-- suiteTearDown -->
</testsuite> <!-- Tests.HomePageTest -->
