<?xml version="1.0" encoding="UTF-8"?>
<!-- Generated by org.testng.reporters.JUnitReportReporter -->
<testsuite name="Tests.LoginTest" tests="3" time="8.050" ignored="4" failures="0" timestamp="05 Mar 2017 23:44:50 GMT" skipped="0" hostname="Ofir-Dahan-2.local" errors="0">
  <testcase name="validateSignUpLinkUrl" time="2.623" classname="Tests.LoginTest"/>
  <testcase name="validateLoginUrlSet" time="1.077" classname="Tests.LoginTest"/>
  <testcase name="updatedLoginFields" time="4.350" classname="Tests.LoginTest"/>
  <testcase name="setUpDefault" classname="BaseTestSetup.TestSetup">
    <skipped/>
  </testcase> <!-- setUpDefault -->
  <testcase name="setUpDefault" classname="BaseTestSetup.TestSetup">
    <skipped/>
  </testcase> <!-- setUpDefault -->
  <testcase name="suiteTearDown" classname="BaseTestSetup.TestSetup">
    <skipped/>
  </testcase> <!-- suiteTearDown -->
  <testcase name="suiteTearDown" classname="BaseTestSetup.TestSetup">
    <skipped/>
  </testcase> <!-- suiteTearDown -->
</testsuite> <!-- Tests.LoginTest -->
